<?xml version="1.0" encoding="UTF-8"?>
<!-- Generated by org.testng.reporters.JUnitXMLReporter -->
<testsuite ignored="0" hostname="LAPTOP-MSDA3FTK" failures="0" tests="3" name="Default test" time="0.101" errors="0" timestamp="2022-10-07T13:38:04 IST">
  <testcase classname="sampleTestCases.LoginTest" name="verifyLoginWithCredentials" time="0.02"/>
  <testcase classname="sampleTestCases.LoginTest" name="verifyLoginWithInvalidCredentials" time="0.001"/>
  <testcase classname="sampleTestCases.LoginTest" name="verifyLoginWithNoCredentials" time="0.003"/>
</testsuite> <!-- Default test -->
