<?xml version="1.0" encoding="UTF-8"?>
<!-- Generated by org.testng.reporters.JUnitXMLReporter -->
<testsuite ignored="0" hostname="LAPTOP-MSDA3FTK" failures="0" tests="3" name="Test" time="0.048" errors="0" timestamp="2022-10-03T16:36:24 IST">
  <testcase classname="sampleTestCases.LoginTest" name="verifyLoginWithCredentials" time="0.01"/>
  <testcase classname="sampleTestCases.LoginTest" name="verifyLoginWithInvalidCredentials" time="0.001"/>
  <testcase classname="sampleTestCases.LoginTest" name="verifyLoginWithNoCredentials" time="0.001"/>
</testsuite> <!-- Test -->
