<?xml version="1.0" encoding="UTF-8"?>
<!-- Generated by org.testng.reporters.JUnitXMLReporter -->
<testsuite ignored="0" hostname="LAPTOP-MSDA3FTK" failures="0" tests="3" name="Test" time="0.081" errors="0" timestamp="2022-10-07T13:38:46 IST">
  <testcase classname="sampleTestCases.LoginTest" name="verifyLoginWithCredentials" time="0.007"/>
  <testcase classname="sampleTestCases.LoginTest" name="verifyLoginWithInvalidCredentials" time="0.0"/>
  <testcase classname="sampleTestCases.LoginTest" name="verifyLoginWithNoCredentials" time="0.001"/>
</testsuite> <!-- Test -->
