<?xml version="1.0" encoding="UTF-8"?>
<testng-results ignored="0" total="3" passed="3" failed="0" skipped="0">
  <reporter-output>
  </reporter-output>
  <suite started-at="2022-10-07T13:38:45 IST" name="Suite" finished-at="2022-10-07T13:38:46 IST" duration-ms="81">
    <groups>
    </groups>
    <test started-at="2022-10-07T13:38:45 IST" name="Test" finished-at="2022-10-07T13:38:46 IST" duration-ms="81">
      <class name="sampleTestCases.LoginTest">
        <test-method signature="verifyLoginWithCredentials()[pri:0, instance:sampleTestCases.LoginTest@5ab9e72c]" started-at="2022-10-07T13:38:46 IST" name="verifyLoginWithCredentials" finished-at="2022-10-07T13:38:46 IST" duration-ms="7" status="PASS">
          <reporter-output>
          </reporter-output>
        </test-method> <!-- verifyLoginWithCredentials -->
        <test-method signature="verifyLoginWithInvalidCredentials()[pri:0, instance:sampleTestCases.LoginTest@5ab9e72c]" started-at="2022-10-07T13:38:46 IST" name="verifyLoginWithInvalidCredentials" finished-at="2022-10-07T13:38:46 IST" duration-ms="0" status="PASS">
          <reporter-output>
          </reporter-output>
        </test-method> <!-- verifyLoginWithInvalidCredentials -->
        <test-method signature="verifyLoginWithNoCredentials()[pri:0, instance:sampleTestCases.LoginTest@5ab9e72c]" started-at="2022-10-07T13:38:46 IST" name="verifyLoginWithNoCredentials" finished-at="2022-10-07T13:38:46 IST" duration-ms="1" status="PASS">
          <reporter-output>
          </reporter-output>
        </test-method> <!-- verifyLoginWithNoCredentials -->
      </class> <!-- sampleTestCases.LoginTest -->
    </test> <!-- Test -->
  </suite> <!-- Suite -->
</testng-results>
