<?xml version="1.0" encoding="UTF-8"?>
<testng-results ignored="0" total="3" passed="3" failed="0" skipped="0">
  <reporter-output>
  </reporter-output>
  <suite started-at="2022-10-04T12:12:50 IST" name="Default suite" finished-at="2022-10-04T12:12:50 IST" duration-ms="61">
    <groups>
    </groups>
    <test started-at="2022-10-04T12:12:50 IST" name="Default test" finished-at="2022-10-04T12:12:50 IST" duration-ms="61">
      <class name="sampleTestCases.LoginTest">
        <test-method signature="verifyLoginWithCredentials()[pri:0, instance:sampleTestCases.LoginTest@6d4e5011]" started-at="2022-10-04T12:12:50 IST" name="verifyLoginWithCredentials" finished-at="2022-10-04T12:12:50 IST" duration-ms="11" status="PASS">
          <reporter-output>
          </reporter-output>
        </test-method> <!-- verifyLoginWithCredentials -->
        <test-method signature="verifyLoginWithInvalidCredentials()[pri:0, instance:sampleTestCases.LoginTest@6d4e5011]" started-at="2022-10-04T12:12:50 IST" name="verifyLoginWithInvalidCredentials" finished-at="2022-10-04T12:12:50 IST" duration-ms="1" status="PASS">
          <reporter-output>
          </reporter-output>
        </test-method> <!-- verifyLoginWithInvalidCredentials -->
        <test-method signature="verifyLoginWithNoCredentials()[pri:0, instance:sampleTestCases.LoginTest@6d4e5011]" started-at="2022-10-04T12:12:50 IST" name="verifyLoginWithNoCredentials" finished-at="2022-10-04T12:12:50 IST" duration-ms="1" status="PASS">
          <reporter-output>
          </reporter-output>
        </test-method> <!-- verifyLoginWithNoCredentials -->
      </class> <!-- sampleTestCases.LoginTest -->
    </test> <!-- Default test -->
  </suite> <!-- Default suite -->
</testng-results>
